2026-03-25T09:18:55.353-05:00 level=INFO  service=api-franquicias env=local thread=main logger=backend.api.lifecycle msg="event=application_ready service=api-franquicias profiles=default port=8080"
2026-03-25T09:18:59.105-05:00 level=INFO  service=api-franquicias env=local thread=main logger=backend.api.lifecycle msg="event=application_ready service=api-franquicias profiles=default port=39525"
2026-03-25T09:18:59.869-05:00 level=INFO  service=api-franquicias env=local thread=parallel-3 logger=backend.api.http msg="requestId=req-prueba-001 method=GET path=/v3/api-docs status=0 durationMs=651 signal=onComplete"
2026-03-25T09:19:00.062-05:00 level=INFO  service=api-franquicias env=local thread=SpringApplicationShutdownHook logger=backend.api.lifecycle msg="event=application_stopping service=api-franquicias profiles=default"
2026-03-25T09:19:00.111-05:00 level=INFO  service=api-franquicias env=local thread=SpringApplicationShutdownHook logger=backend.api.lifecycle msg="event=application_stopping service=api-franquicias profiles=default"
2026-03-25T09:23:02.268-05:00 level=INFO  service=api-franquicias env=local thread=main logger=backend.api.lifecycle msg="event=application_ready service=api-franquicias profiles=default port=8080"
2026-03-25T09:23:09.267-05:00 level=INFO  service=api-franquicias env=local thread=main logger=backend.api.lifecycle msg="event=application_ready service=api-franquicias profiles=default port=39201"
2026-03-25T09:23:10.930-05:00 level=INFO  service=api-franquicias env=local thread=parallel-3 logger=backend.api.http msg="requestId=req-prueba-001 method=GET path=/v3/api-docs status=200 durationMs=1145 signal=onComplete"
2026-03-25T09:23:11.337-05:00 level=INFO  service=api-franquicias env=local thread=SpringApplicationShutdownHook logger=backend.api.lifecycle msg="event=application_stopping service=api-franquicias profiles=default"
2026-03-25T09:23:11.444-05:00 level=INFO  service=api-franquicias env=local thread=SpringApplicationShutdownHook logger=backend.api.lifecycle msg="event=application_stopping service=api-franquicias profiles=default"
2026-03-25T09:25:44.267-05:00 level=INFO  service=api-franquicias env=local thread=main logger=backend.api.lifecycle msg="event=application_ready service=api-franquicias profiles=default port=8080"
2026-03-25T09:25:51.154-05:00 level=INFO  service=api-franquicias env=local thread=main logger=backend.api.lifecycle msg="event=application_ready service=api-franquicias profiles=default port=36715"
2026-03-25T09:25:52.689-05:00 level=INFO  service=api-franquicias env=local thread=parallel-3 logger=backend.api.http msg="requestId=req-prueba-001 method=GET path=/v3/api-docs status=200 durationMs=1275 signal=onComplete"
2026-03-25T09:25:53.168-05:00 level=INFO  service=api-franquicias env=local thread=SpringApplicationShutdownHook logger=backend.api.lifecycle msg="event=application_stopping service=api-franquicias profiles=default"
2026-03-25T09:25:53.295-05:00 level=INFO  service=api-franquicias env=local thread=SpringApplicationShutdownHook logger=backend.api.lifecycle msg="event=application_stopping service=api-franquicias profiles=default"
2026-03-25T09:27:04.588-05:00 level=INFO  service=api-franquicias env=local thread=main logger=backend.api.lifecycle msg="event=application_ready service=api-franquicias profiles=default port=8080"
2026-03-25T09:27:10.472-05:00 level=INFO  service=api-franquicias env=local thread=main logger=backend.api.lifecycle msg="event=application_ready service=api-franquicias profiles=default port=37869"
2026-03-25T09:27:12.067-05:00 level=INFO  service=api-franquicias env=local thread=parallel-3 logger=backend.api.http msg="requestId=req-prueba-001 method=GET path=/v3/api-docs status=200 durationMs=1280 signal=onComplete"
2026-03-25T09:27:12.394-05:00 level=INFO  service=api-franquicias env=local thread=SpringApplicationShutdownHook logger=backend.api.lifecycle msg="event=application_stopping service=api-franquicias profiles=default"
2026-03-25T09:27:12.469-05:00 level=INFO  service=api-franquicias env=local thread=SpringApplicationShutdownHook logger=backend.api.lifecycle msg="event=application_stopping service=api-franquicias profiles=default"
2026-03-25T10:30:01.922-05:00 level=INFO  service=api-franquicias env=local thread=main logger=backend.api.lifecycle msg="event=application_ready service=api-franquicias profiles=default port=8080"
2026-03-25T10:30:08.284-05:00 level=INFO  service=api-franquicias env=local thread=boundedElastic-1 logger=backend.api.http msg="requestId=644dc352-dd12-44a1-a56e-60f888a62d56 method=POST path=/api/v1/franquicias status=201 durationMs=511 signal=onComplete"
2026-03-25T10:30:12.307-05:00 level=INFO  service=api-franquicias env=local thread=boundedElastic-1 logger=backend.api.http msg="requestId=d9db987a-91f6-462b-9b4b-72e2294aa6be method=POST path=/api/v1/franquicias/043f8f5f-1582-4067-933e-c2b36c00ad5a/sucursales status=201 durationMs=261 signal=onComplete"
2026-03-25T10:30:23.962-05:00 level=INFO  service=api-franquicias env=local thread=reactor-http-epoll-4 logger=backend.api.http msg="requestId=32aeea97-26b5-4b9c-843e-6f32d8348502 method=GET path=/v3/api-docs status=200 durationMs=668 signal=onComplete"
2026-03-25T10:30:54.972-05:00 level=INFO  service=api-franquicias env=local thread=boundedElastic-1 logger=backend.api.http msg="requestId=246d73f1-2256-4f3b-8225-b4e21bb2d16b method=POST path=/api/v1/franquicias status=201 durationMs=40 signal=onComplete"
2026-03-25T10:31:16.199-05:00 level=INFO  service=api-franquicias env=local thread=reactor-http-epoll-2 logger=backend.api.http msg="requestId=8fd86fca-bc4f-4299-82d8-ca02aec0216a method=POST path=/api/v1/franquicias/UUID_REAL/sucursales status=400 durationMs=47 signal=onComplete"
2026-03-25T10:31:25.640-05:00 level=INFO  service=api-franquicias env=local thread=reactor-http-epoll-3 logger=backend.api.http msg="requestId=90925a1a-a104-4bf5-8248-6595828749c3 method=GET path=/v3/api-docs status=200 durationMs=12 signal=onComplete"
